Flow report for Project
Sat Nov 25 21:43:40 2023
Quartus II 64-Bit Version 15.0.0 Build 145 04/22/2015 SJ Web Edition


---------------------
; Table of Contents ;
---------------------
  1. Legal Notice
  2. Flow Summary
  3. Flow Settings
  4. Flow Non-Default Global Settings
  5. Flow Elapsed Time
  6. Flow OS Summary
  7. Flow Log
  8. Flow Messages
  9. Flow Suppressed Messages



----------------
; Legal Notice ;
----------------
Copyright (C) 1991-2015 Altera Corporation. All rights reserved.
Your use of Altera Corporation's design tools, logic functions 
and other software and tools, and its AMPP partner logic 
functions, and any output files from any of the foregoing 
(including device programming or simulation files), and any 
associated documentation or information are expressly subject 
to the terms and conditions of the Altera Program License 
Subscription Agreement, the Altera Quartus II License Agreement,
the Altera MegaCore Function License Agreement, or other 
applicable license agreement, including, without limitation, 
that your use is for the sole purpose of programming logic 
devices manufactured by Altera and sold by Altera or its 
authorized distributors.  Please refer to the applicable 
agreement for further details.



+---------------------------------------------------------------------------------+
; Flow Summary                                                                    ;
+------------------------------------+--------------------------------------------+
; Flow Status                        ; Successful - Sat Nov 25 21:43:40 2023      ;
; Quartus II 64-Bit Version          ; 15.0.0 Build 145 04/22/2015 SJ Web Edition ;
; Revision Name                      ; Project                                    ;
; Top-level Entity Name              ; Parking_Controller                         ;
; Family                             ; Cyclone IV E                               ;
; Device                             ; EP4CE115F29C7                              ;
; Timing Models                      ; Final                                      ;
; Total logic elements               ; 1,056 / 114,480 ( < 1 % )                  ;
;     Total combinational functions  ; 1,026 / 114,480 ( < 1 % )                  ;
;     Dedicated logic registers      ; 493 / 114,480 ( < 1 % )                    ;
; Total registers                    ; 493                                        ;
; Total pins                         ; 107 / 529 ( 20 % )                         ;
; Total virtual pins                 ; 0                                          ;
; Total memory bits                  ; 0 / 3,981,312 ( 0 % )                      ;
; Embedded Multiplier 9-bit elements ; 0 / 532 ( 0 % )                            ;
; Total PLLs                         ; 0 / 4 ( 0 % )                              ;
+------------------------------------+--------------------------------------------+


+-----------------------------------------+
; Flow Settings                           ;
+-------------------+---------------------+
; Option            ; Setting             ;
+-------------------+---------------------+
; Start date & time ; 11/25/2023 21:42:23 ;
; Main task         ; Compilation         ;
; Revision Name     ; Project             ;
+-------------------+---------------------+


+-----------------------------------------------------------------------------------------------------------------------------------+
; Flow Non-Default Global Settings                                                                                                  ;
+-------------------------------------+---------------------------------------+---------------+--------------------+----------------+
; Assignment Name                     ; Value                                 ; Default Value ; Entity Name        ; Section Id     ;
+-------------------------------------+---------------------------------------+---------------+--------------------+----------------+
; COMPILER_SIGNATURE_ID               ; 79349038209331.170094134213264        ; --            ; --                 ; --             ;
; EDA_OUTPUT_DATA_FORMAT              ; Verilog Hdl                           ; --            ; --                 ; eda_simulation ;
; EDA_SIMULATION_TOOL                 ; ModelSim-Altera (Verilog)             ; <None>        ; --                 ; --             ;
; EDA_TIME_SCALE                      ; 1 ps                                  ; --            ; --                 ; eda_simulation ;
; MAX_CORE_JUNCTION_TEMP              ; 85                                    ; --            ; --                 ; --             ;
; MIN_CORE_JUNCTION_TEMP              ; 0                                     ; --            ; --                 ; --             ;
; NOMINAL_CORE_SUPPLY_VOLTAGE         ; 1.2V                                  ; --            ; --                 ; --             ;
; PARTITION_COLOR                     ; 16764057                              ; --            ; Parking_Controller ; Top            ;
; PARTITION_FITTER_PRESERVATION_LEVEL ; PLACEMENT_AND_ROUTING                 ; --            ; Parking_Controller ; Top            ;
; PARTITION_NETLIST_TYPE              ; SOURCE                                ; --            ; Parking_Controller ; Top            ;
; POWER_BOARD_THERMAL_MODEL           ; None (CONSERVATIVE)                   ; --            ; --                 ; --             ;
; POWER_PRESET_COOLING_SOLUTION       ; 23 MM HEAT SINK WITH 200 LFPM AIRFLOW ; --            ; --                 ; --             ;
; PROJECT_OUTPUT_DIRECTORY            ; output_files                          ; --            ; --                 ; --             ;
; TOP_LEVEL_ENTITY                    ; Parking_Controller                    ; Project       ; --                 ; --             ;
+-------------------------------------+---------------------------------------+---------------+--------------------+----------------+


+-------------------------------------------------------------------------------------------------------------------------------+
; Flow Elapsed Time                                                                                                             ;
+---------------------------+--------------+-------------------------+---------------------+------------------------------------+
; Module Name               ; Elapsed Time ; Average Processors Used ; Peak Virtual Memory ; Total CPU Time (on all processors) ;
+---------------------------+--------------+-------------------------+---------------------+------------------------------------+
; Analysis & Synthesis      ; 00:00:18     ; 1.0                     ; 4795 MB             ; 00:00:37                           ;
; Fitter                    ; 00:00:35     ; 1.0                     ; 5364 MB             ; 00:00:35                           ;
; Assembler                 ; 00:00:06     ; 1.0                     ; 4745 MB             ; 00:00:06                           ;
; TimeQuest Timing Analyzer ; 00:00:06     ; 1.0                     ; 4913 MB             ; 00:00:06                           ;
; EDA Netlist Writer        ; 00:00:03     ; 1.0                     ; 4732 MB             ; 00:00:03                           ;
; Total                     ; 00:01:08     ; --                      ; --                  ; 00:01:27                           ;
+---------------------------+--------------+-------------------------+---------------------+------------------------------------+


+----------------------------------------------------------------------------------------+
; Flow OS Summary                                                                        ;
+---------------------------+------------------+-----------+------------+----------------+
; Module Name               ; Machine Hostname ; OS Name   ; OS Version ; Processor type ;
+---------------------------+------------------+-----------+------------+----------------+
; Analysis & Synthesis      ; T0X              ; Windows 7 ; 6.2        ; x86_64         ;
; Fitter                    ; T0X              ; Windows 7 ; 6.2        ; x86_64         ;
; Assembler                 ; T0X              ; Windows 7 ; 6.2        ; x86_64         ;
; TimeQuest Timing Analyzer ; T0X              ; Windows 7 ; 6.2        ; x86_64         ;
; EDA Netlist Writer        ; T0X              ; Windows 7 ; 6.2        ; x86_64         ;
+---------------------------+------------------+-----------+------------+----------------+


------------
; Flow Log ;
------------
quartus_map --read_settings_files=on --write_settings_files=off Project -c Project
quartus_fit --read_settings_files=off --write_settings_files=off Project -c Project
quartus_asm --read_settings_files=off --write_settings_files=off Project -c Project
quartus_sta Project -c Project
quartus_eda --read_settings_files=off --write_settings_files=off Project -c Project



